android/app/build/intermediates/manifest_merge_blame_file/debug/manifest-merger-blame-debug-report.txt
1<?xml version="1.0" encoding="utf-8"?>
2<manifest xmlns:android="http://schemas.android.com/apk/res/android"
3    package="com.snc.myyaak"
4    android:versionCode="1"
5    android:versionName="1.0.0" >
6
7    <uses-sdk
8        android:minSdkVersion="21"
9        android:targetSdkVersion="29" />
10
11    <uses-permission android:name="android.permission.SYSTEM_ALERT_WINDOW" />
11-->src\main\AndroidManifest.xml:3:3-75
11-->src\main\AndroidManifest.xml:3:20-73
12    <uses-permission android:name="android.permission.INTERNET" />
12-->src\main\AndroidManifest.xml:2:3-64
12-->src\main\AndroidManifest.xml:2:20-62
13    <uses-permission android:name="android.permission.READ_PHONE_STATE" />
13-->src\main\AndroidManifest.xml:4:3-72
13-->src\main\AndroidManifest.xml:4:20-70
14    <uses-permission android:name="android.permission.USE_FINGERPRINT" />
14-->src\main\AndroidManifest.xml:5:3-71
14-->src\main\AndroidManifest.xml:5:20-69
15    <uses-permission android:name="android.permission.USE_BIOMETRIC" />
15-->src\main\AndroidManifest.xml:6:3-69
15-->src\main\AndroidManifest.xml:6:20-67
16    <uses-permission android:name="android.permission.VIBRATE" />
16-->src\main\AndroidManifest.xml:7:3-63
16-->src\main\AndroidManifest.xml:7:20-61
17    <uses-permission android:name="android.permission.MODIFY_AUDIO_SETTINGS" />
17-->src\main\AndroidManifest.xml:8:3-77
17-->src\main\AndroidManifest.xml:8:20-75
18    <uses-permission android:name="android.permission.ACCESS_COARSE_LOCATION" />
18-->src\main\AndroidManifest.xml:9:3-78
18-->src\main\AndroidManifest.xml:9:20-76
19    <uses-permission android:name="android.permission.ACCESS_FINE_LOCATION" />
19-->src\main\AndroidManifest.xml:10:3-76
19-->src\main\AndroidManifest.xml:10:20-74
20    <uses-permission android:name="android.permission.ACCESS_BACKGROUND_LOCATION" />
20-->src\main\AndroidManifest.xml:11:3-82
20-->src\main\AndroidManifest.xml:11:20-80
21    <uses-permission android:name="android.permission.CAMERA" />
21-->src\main\AndroidManifest.xml:12:3-62
21-->src\main\AndroidManifest.xml:12:20-60
22    <uses-permission android:name="android.permission.RECORD_AUDIO" />
22-->src\main\AndroidManifest.xml:13:3-68
22-->src\main\AndroidManifest.xml:13:20-66
23    <uses-permission android:name="android.permission.READ_CONTACTS" />
23-->src\main\AndroidManifest.xml:14:3-69
23-->src\main\AndroidManifest.xml:14:20-67
24    <uses-permission android:name="android.permission.WRITE_CONTACTS" />
24-->src\main\AndroidManifest.xml:15:3-70
24-->src\main\AndroidManifest.xml:15:20-68
25    <uses-permission android:name="android.permission.READ_CALENDAR" />
25-->src\main\AndroidManifest.xml:16:3-69
25-->src\main\AndroidManifest.xml:16:20-67
26    <uses-permission android:name="android.permission.WRITE_CALENDAR" />
26-->src\main\AndroidManifest.xml:17:3-70
26-->src\main\AndroidManifest.xml:17:20-68
27    <uses-permission android:name="android.permission.READ_EXTERNAL_STORAGE" />
27-->src\main\AndroidManifest.xml:18:3-77
27-->src\main\AndroidManifest.xml:18:20-75
28    <uses-permission android:name="android.permission.WRITE_EXTERNAL_STORAGE" />
28-->src\main\AndroidManifest.xml:19:3-78
28-->src\main\AndroidManifest.xml:19:20-76
29    <uses-permission android:name="android.permission.WRITE_SETTINGS" />
29-->src\main\AndroidManifest.xml:20:3-70
29-->src\main\AndroidManifest.xml:20:20-68
30    <uses-permission android:name="android.permission.ACCESS_NETWORK_STATE" />
30-->src\main\AndroidManifest.xml:21:3-76
30-->src\main\AndroidManifest.xml:21:20-74
31    <uses-permission android:name="android.permission.WAKE_LOCK" />
31-->src\main\AndroidManifest.xml:22:3-65
31-->src\main\AndroidManifest.xml:22:20-63
32    <uses-permission android:name="com.google.android.c2dm.permission.RECEIVE" />
32-->src\main\AndroidManifest.xml:23:3-79
32-->src\main\AndroidManifest.xml:23:20-77
33    <uses-permission android:name="android.permission.ACCESS_WIFI_STATE" />
33-->[com.facebook.flipper:flipper:0.54.0] AndroidManifest.xml:16:5-76
33-->[com.facebook.flipper:flipper:0.54.0] AndroidManifest.xml:16:22-73
34    <uses-permission android:name="android.permission.FOREGROUND_SERVICE" />
34-->[:expo-location] AndroidManifest.xml:13:5-77
34-->[:expo-location] AndroidManifest.xml:13:22-74
35
36    <uses-feature
36-->[com.google.android.gms:play-services-maps:17.0.0] AndroidManifest.xml:26:5-28:35
37        android:glEsVersion="0x00020000"
37-->[com.google.android.gms:play-services-maps:17.0.0] AndroidManifest.xml:27:9-41
38        android:required="true" />
38-->[com.google.android.gms:play-services-maps:17.0.0] AndroidManifest.xml:28:9-32
39
40    <uses-permission android:name="com.google.android.finsky.permission.BIND_GET_INSTALL_REFERRER_SERVICE" />
40-->[com.android.installreferrer:installreferrer:1.0] AndroidManifest.xml:9:5-110
40-->[com.android.installreferrer:installreferrer:1.0] AndroidManifest.xml:9:22-107
41    <uses-permission android:name="com.google.android.providers.gsf.permission.READ_GSERVICES" />
41-->[io.nlopez.smartlocation:library:3.2.11] AndroidManifest.xml:15:5-98
41-->[io.nlopez.smartlocation:library:3.2.11] AndroidManifest.xml:15:22-95
42    <uses-permission android:name="com.google.android.gms.permission.ACTIVITY_RECOGNITION" />
42-->[io.nlopez.smartlocation:library:3.2.11] AndroidManifest.xml:16:5-94
42-->[io.nlopez.smartlocation:library:3.2.11] AndroidManifest.xml:16:22-91
43
44    <application
44-->src\main\AndroidManifest.xml:24:3-45:17
45        android:name="com.snc.myyaak.MainApplication"
45-->src\main\AndroidManifest.xml:24:16-47
46        android:allowBackup="true"
46-->src\main\AndroidManifest.xml:24:162-188
47        android:appComponentFactory="androidx.core.app.CoreComponentFactory"
47-->[androidx.core:core:1.3.0] AndroidManifest.xml:24:18-86
48        android:debuggable="true"
49        android:icon="@mipmap/ic_launcher"
49-->src\main\AndroidManifest.xml:24:81-115
50        android:label="@string/app_name"
50-->src\main\AndroidManifest.xml:24:48-80
51        android:roundIcon="@mipmap/ic_launcher_round"
51-->src\main\AndroidManifest.xml:24:116-161
52        android:theme="@style/AppTheme"
52-->src\main\AndroidManifest.xml:24:189-220
53        android:usesCleartextTraffic="true" >
53-->src\debug\AndroidManifest.xml:6:18-53
54        <meta-data
54-->src\main\AndroidManifest.xml:25:5-121
55            android:name="expo.modules.updates.EXPO_UPDATE_URL"
55-->src\main\AndroidManifest.xml:25:16-67
56            android:value="https://exp.host/@ivanivanov/myyaak" />
56-->src\main\AndroidManifest.xml:25:68-119
57        <meta-data
57-->src\main\AndroidManifest.xml:26:5-93
58            android:name="expo.modules.updates.EXPO_SDK_VERSION"
58-->src\main\AndroidManifest.xml:26:16-68
59            android:value="40.0.0" />
59-->src\main\AndroidManifest.xml:26:69-91
60        <meta-data
60-->src\main\AndroidManifest.xml:27:5-119
61            android:name="com.google.android.geo.API_KEY"
61-->src\main\AndroidManifest.xml:27:16-61
62            android:value="AIzaSyDOBohrqLYvGaPGHlQQDR89yUE5I19v0_Q" />
62-->src\main\AndroidManifest.xml:27:62-117
63        <meta-data
63-->src\main\AndroidManifest.xml:28:5-82
64            android:name="expo.modules.updates.ENABLED"
64-->src\main\AndroidManifest.xml:28:16-59
65            android:value="true" />
65-->src\main\AndroidManifest.xml:28:60-80
66        <meta-data
66-->src\main\AndroidManifest.xml:29:5-105
67            android:name="expo.modules.updates.EXPO_UPDATES_CHECK_ON_LAUNCH"
67-->src\main\AndroidManifest.xml:29:16-80
68            android:value="ALWAYS" />
68-->src\main\AndroidManifest.xml:29:81-103
69        <meta-data
69-->src\main\AndroidManifest.xml:30:5-99
70            android:name="expo.modules.updates.EXPO_UPDATES_LAUNCH_WAIT_MS"
70-->src\main\AndroidManifest.xml:30:16-79
71            android:value="0" />
71-->src\main\AndroidManifest.xml:30:80-97
72
73        <activity
73-->src\main\AndroidManifest.xml:31:5-42:16
74            android:name="com.snc.myyaak.MainActivity"
74-->src\main\AndroidManifest.xml:31:15-43
75            android:configChanges="keyboard|keyboardHidden|orientation|screenSize|uiMode"
75-->src\main\AndroidManifest.xml:31:77-154
76            android:label="@string/app_name"
76-->src\main\AndroidManifest.xml:31:44-76
77            android:launchMode="singleTask"
77-->src\main\AndroidManifest.xml:31:155-186
78            android:screenOrientation="portrait"
78-->src\main\AndroidManifest.xml:31:276-312
79            android:theme="@style/Theme.App.SplashScreen"
79-->src\main\AndroidManifest.xml:31:230-275
80            android:windowSoftInputMode="adjustResize" >
80-->src\main\AndroidManifest.xml:31:187-229
81            <intent-filter>
81-->src\main\AndroidManifest.xml:32:7-35:23
82                <action android:name="android.intent.action.MAIN" />
82-->src\main\AndroidManifest.xml:33:9-60
82-->src\main\AndroidManifest.xml:33:17-58
83
84                <category android:name="android.intent.category.LAUNCHER" />
84-->src\main\AndroidManifest.xml:34:9-68
84-->src\main\AndroidManifest.xml:34:19-66
85            </intent-filter>
86            <intent-filter>
86-->src\main\AndroidManifest.xml:36:7-41:23
87                <action android:name="android.intent.action.VIEW" />
87-->src\main\AndroidManifest.xml:37:9-60
87-->src\main\AndroidManifest.xml:37:17-58
88
89                <category android:name="android.intent.category.DEFAULT" />
89-->src\main\AndroidManifest.xml:38:9-67
89-->src\main\AndroidManifest.xml:38:19-65
90                <category android:name="android.intent.category.BROWSABLE" />
90-->src\main\AndroidManifest.xml:39:9-69
90-->src\main\AndroidManifest.xml:39:19-67
91
92                <data android:scheme="com.snc.myyaak" />
92-->src\main\AndroidManifest.xml:40:9-48
92-->src\main\AndroidManifest.xml:40:15-46
93            </intent-filter>
94        </activity>
95        <activity android:name="com.facebook.react.devsupport.DevSettingsActivity" />
95-->src\main\AndroidManifest.xml:43:5-81
95-->src\main\AndroidManifest.xml:43:15-79
96
97        <uses-library
97-->src\main\AndroidManifest.xml:44:5-83
98            android:name="org.apache.http.legacy"
98-->src\main\AndroidManifest.xml:44:19-56
99            android:required="false" />
99-->src\main\AndroidManifest.xml:44:57-81
100
101        <meta-data
101-->[:unimodules-react-native-adapter] AndroidManifest.xml:12:9-14:91
102            android:name="org.unimodules.core.AppLoader#react-native-headless"
102-->[:unimodules-react-native-adapter] AndroidManifest.xml:13:13-79
103            android:value="org.unimodules.adapters.react.apploader.RNHeadlessAppLoader" />
103-->[:unimodules-react-native-adapter] AndroidManifest.xml:14:13-88
104
105        <provider
105-->[:react-native-webview] AndroidManifest.xml:12:9-20:20
106            android:name="com.reactnativecommunity.webview.RNCWebViewFileProvider"
106-->[:react-native-webview] AndroidManifest.xml:13:13-83
107            android:authorities="com.snc.myyaak.fileprovider"
107-->[:react-native-webview] AndroidManifest.xml:14:13-64
108            android:exported="false"
108-->[:react-native-webview] AndroidManifest.xml:15:13-37
109            android:grantUriPermissions="true" >
109-->[:react-native-webview] AndroidManifest.xml:16:13-47
110            <meta-data
110-->[:react-native-webview] AndroidManifest.xml:17:13-19:63
111                android:name="android.support.FILE_PROVIDER_PATHS"
111-->[:react-native-webview] AndroidManifest.xml:18:17-67
112                android:resource="@xml/file_provider_paths" />
112-->[:react-native-webview] AndroidManifest.xml:19:17-60
113        </provider>
114        <provider
114-->[:expo-file-system] AndroidManifest.xml:17:9-26:20
115            android:name="expo.modules.filesystem.FileSystemFileProvider"
115-->[:expo-file-system] AndroidManifest.xml:18:13-74
116            android:authorities="com.snc.myyaak.FileSystemFileProvider"
116-->[:expo-file-system] AndroidManifest.xml:19:13-74
117            android:exported="false"
117-->[:expo-file-system] AndroidManifest.xml:20:13-37
118            android:grantUriPermissions="true" >
118-->[:expo-file-system] AndroidManifest.xml:21:13-47
119            <meta-data
119-->[:react-native-webview] AndroidManifest.xml:17:13-19:63
120                android:name="android.support.FILE_PROVIDER_PATHS"
120-->[:react-native-webview] AndroidManifest.xml:18:17-67
121                android:resource="@xml/file_system_provider_paths" />
121-->[:react-native-webview] AndroidManifest.xml:19:17-60
122        </provider> <!-- https://developer.android.com/guide/topics/manifest/provider-element.html -->
123        <provider
123-->[:expo-image-picker] AndroidManifest.xml:20:9-28:20
124            android:name="expo.modules.imagepicker.ImagePickerFileProvider"
124-->[:expo-image-picker] AndroidManifest.xml:21:13-76
125            android:authorities="com.snc.myyaak.ImagePickerFileProvider"
125-->[:expo-image-picker] AndroidManifest.xml:22:13-75
126            android:exported="false"
126-->[:expo-image-picker] AndroidManifest.xml:23:13-37
127            android:grantUriPermissions="true" >
127-->[:expo-image-picker] AndroidManifest.xml:24:13-47
128            <meta-data
128-->[:react-native-webview] AndroidManifest.xml:17:13-19:63
129                android:name="android.support.FILE_PROVIDER_PATHS"
129-->[:react-native-webview] AndroidManifest.xml:18:17-67
130                android:resource="@xml/image_picker_provider_paths" />
130-->[:react-native-webview] AndroidManifest.xml:19:17-60
131        </provider>
132
133        <service
133-->[:expo-location] AndroidManifest.xml:16:9-18:40
134            android:name="expo.modules.location.services.LocationTaskService"
134-->[:expo-location] AndroidManifest.xml:17:13-78
135            android:exported="false" />
135-->[:expo-location] AndroidManifest.xml:18:13-37
136
137        <activity
137-->[com.google.android.gms:play-services-base:17.0.0] AndroidManifest.xml:23:9-26:75
138            android:name="com.google.android.gms.common.api.GoogleApiActivity"
138-->[com.google.android.gms:play-services-base:17.0.0] AndroidManifest.xml:24:13-79
139            android:exported="false"
139-->[com.google.android.gms:play-services-base:17.0.0] AndroidManifest.xml:25:13-37
140            android:theme="@android:style/Theme.Translucent.NoTitleBar" />
140-->[com.google.android.gms:play-services-base:17.0.0] AndroidManifest.xml:26:13-72
141
142        <meta-data
142-->[com.google.android.gms:play-services-basement:17.0.0] AndroidManifest.xml:23:9-25:69
143            android:name="com.google.android.gms.version"
143-->[com.google.android.gms:play-services-basement:17.0.0] AndroidManifest.xml:24:13-58
144            android:value="@integer/google_play_services_version" />
144-->[com.google.android.gms:play-services-basement:17.0.0] AndroidManifest.xml:25:13-66
145
146        <service
146-->[androidx.room:room-runtime:2.1.0] AndroidManifest.xml:25:9-27:40
147            android:name="androidx.room.MultiInstanceInvalidationService"
147-->[androidx.room:room-runtime:2.1.0] AndroidManifest.xml:26:13-74
148            android:exported="false" />
148-->[androidx.room:room-runtime:2.1.0] AndroidManifest.xml:27:13-37
149        <service
149-->[io.nlopez.smartlocation:library:3.2.11] AndroidManifest.xml:19:9-21:40
150            android:name="io.nlopez.smartlocation.activity.providers.ActivityGooglePlayServicesProvider$ActivityRecognitionService"
150-->[io.nlopez.smartlocation:library:3.2.11] AndroidManifest.xml:20:13-132
151            android:exported="false" />
151-->[io.nlopez.smartlocation:library:3.2.11] AndroidManifest.xml:21:13-37
152        <service
152-->[io.nlopez.smartlocation:library:3.2.11] AndroidManifest.xml:22:9-24:40
153            android:name="io.nlopez.smartlocation.geofencing.providers.GeofencingGooglePlayServicesProvider$GeofencingService"
153-->[io.nlopez.smartlocation:library:3.2.11] AndroidManifest.xml:23:13-127
154            android:exported="false" />
154-->[io.nlopez.smartlocation:library:3.2.11] AndroidManifest.xml:24:13-37
155        <service
155-->[io.nlopez.smartlocation:library:3.2.11] AndroidManifest.xml:25:9-27:40
156            android:name="io.nlopez.smartlocation.geocoding.providers.AndroidGeocodingProvider$AndroidGeocodingService"
156-->[io.nlopez.smartlocation:library:3.2.11] AndroidManifest.xml:26:13-120
157            android:exported="false" />
157-->[io.nlopez.smartlocation:library:3.2.11] AndroidManifest.xml:27:13-37
158    </application>
159
160</manifest>